{"uuid":"cd27d772-4bea-49f1-ac33-4bde26224be6","historyId":"993ba72cd716b13187a5268dfd0ecb2d","fullName":"MainPageTests.checkTbcCard1","labels":[{"name":"package","value":"MainPageTests"},{"name":"testClass","value":"MainPageTests"},{"name":"testMethod","value":"checkTbcCard1"},{"name":"parentSuite","value":"Default Suite"},{"name":"suite","value":"playwright-screenshot-compare-example"},{"name":"subSuite","value":"MainPageTests"},{"name":"host","value":"TBC-1H8425088F"},{"name":"thread","value":"19252@TBC-1H8425088F.main(3)"},{"name":"framework","value":"testng"},{"name":"language","value":"java"}],"links":[],"name":"checkTbcCard1","status":"skipped","statusDetails":{"known":false,"muted":false,"flaky":false,"message":"Failed to create driver","trace":"java.lang.RuntimeException: Failed to create driver\r\n\tat com.microsoft.playwright.impl.driver.Driver.createAndInstall(Driver.java:105)\r\n\tat com.microsoft.playwright.impl.driver.Driver.ensureDriverInstalled(Driver.java:57)\r\n\tat com.microsoft.playwright.impl.PlaywrightImpl.createImpl(PlaywrightImpl.java:46)\r\n\tat com.microsoft.playwright.impl.PlaywrightImpl.create(PlaywrightImpl.java:36)\r\n\tat com.microsoft.playwright.Playwright.create(Playwright.java:110)\r\n\tat com.microsoft.playwright.Playwright.create(Playwright.java:114)\r\n\tat utils.PlaywrightSetup.asetUp(PlaywrightSetup.java:23)\r\n\tat java.base/jdk.internal.reflect.DirectMethodHandleAccessor.invoke(DirectMethodHandleAccessor.java:104)\r\n\tat java.base/java.lang.reflect.Method.invoke(Method.java:565)\r\n\tat org.testng.internal.invokers.MethodInvocationHelper.invokeMethod(MethodInvocationHelper.java:141)\r\n\tat org.testng.internal.invokers.MethodInvocationHelper.invokeMethodConsideringTimeout(MethodInvocationHelper.java:71)\r\n\tat org.testng.internal.invokers.ConfigInvoker.invokeConfigurationMethod(ConfigInvoker.java:400)\r\n\tat org.testng.internal.invokers.ConfigInvoker.invokeConfigurations(ConfigInvoker.java:333)\r\n\tat org.testng.internal.invokers.TestMethodWorker.invokeBeforeClassMethods(TestMethodWorker.java:188)\r\n\tat org.testng.internal.invokers.TestMethodWorker.run(TestMethodWorker.java:128)\r\n\tat java.base/java.util.ArrayList.forEach(ArrayList.java:1604)\r\n\tat org.testng.TestRunner.privateRun(TestRunner.java:741)\r\n\tat org.testng.TestRunner.run(TestRunner.java:616)\r\n\tat org.testng.SuiteRunner.runTest(SuiteRunner.java:421)\r\n\tat org.testng.SuiteRunner.runSequentially(SuiteRunner.java:413)\r\n\tat org.testng.SuiteRunner.privateRun(SuiteRunner.java:373)\r\n\tat org.testng.SuiteRunner.run(SuiteRunner.java:312)\r\n\tat org.testng.SuiteRunnerWorker.runSuite(SuiteRunnerWorker.java:52)\r\n\tat org.testng.SuiteRunnerWorker.run(SuiteRunnerWorker.java:95)\r\n\tat org.testng.TestNG.runSuitesSequentially(TestNG.java:1274)\r\n\tat org.testng.TestNG.runSuitesLocally(TestNG.java:1208)\r\n\tat org.testng.TestNG.runSuites(TestNG.java:1112)\r\n\tat org.testng.TestNG.run(TestNG.java:1079)\r\n\tat com.intellij.rt.testng.IDEARemoteTestNG.run(IDEARemoteTestNG.java:65)\r\n\tat com.intellij.rt.testng.RemoteTestNGStarter.main(RemoteTestNGStarter.java:105)\r\nCaused by: java.lang.RuntimeException: Failed to install browsers, exit code: 1\r\n\tat com.microsoft.playwright.impl.driver.jar.DriverJar.installBrowsers(DriverJar.java:99)\r\n\tat com.microsoft.playwright.impl.driver.jar.DriverJar.initialize(DriverJar.java:68)\r\n\tat com.microsoft.playwright.impl.driver.Driver.initialize(Driver.java:64)\r\n\tat com.microsoft.playwright.impl.driver.Driver.createAndInstall(Driver.java:101)\r\n\t... 29 more\r\n"},"stage":"finished","steps":[],"attachments":[],"parameters":[],"start":1755432600561,"stop":1755432600563}